mode: count
github.com/gophercises/gophercise15/main.go:20.12,27.2 5 1
github.com/gophercises/gophercise15/main.go:30.59,35.16 5 2
github.com/gophercises/gophercise15/main.go:39.2,40.16 2 2
github.com/gophercises/gophercise15/main.go:44.2,48.14 4 1
github.com/gophercises/gophercise15/main.go:52.2,59.15 6 1
github.com/gophercises/gophercise15/main.go:35.16,37.3 1 2
github.com/gophercises/gophercise15/main.go:40.16,43.3 2 1
github.com/gophercises/gophercise15/main.go:48.14,50.3 1 0
github.com/gophercises/gophercise15/main.go:59.15,61.3 1 0
github.com/gophercises/gophercise15/main.go:66.65,71.2 1 1
github.com/gophercises/gophercise15/main.go:73.52,74.57 1 2
github.com/gophercises/gophercise15/main.go:74.57,75.15 1 1
github.com/gophercises/gophercise15/main.go:84.3,84.25 1 1
github.com/gophercises/gophercise15/main.go:75.15,76.35 1 1
github.com/gophercises/gophercise15/main.go:76.35,81.5 4 1
github.com/gophercises/gophercise15/main.go:88.32,90.30 2 1
github.com/gophercises/gophercise15/main.go:113.2,113.33 1 1
github.com/gophercises/gophercise15/main.go:90.30,91.38 1 24
github.com/gophercises/gophercise15/main.go:94.3,95.26 2 11
github.com/gophercises/gophercise15/main.go:101.3,102.46 2 11
github.com/gophercises/gophercise15/main.go:108.3,111.144 4 11
github.com/gophercises/gophercise15/main.go:91.38,92.12 1 13
github.com/gophercises/gophercise15/main.go:95.26,96.16 1 525
github.com/gophercises/gophercise15/main.go:96.16,98.10 2 11
github.com/gophercises/gophercise15/main.go:102.46,103.37 1 41
github.com/gophercises/gophercise15/main.go:106.4,106.30 1 32
github.com/gophercises/gophercise15/main.go:103.37,104.10 1 9
github.com/gophercises/gophercise15/main.go:115.16,116.44 1 1
