mode: count
github.com/gophercises/gophercise18/main.go:17.13,31.2 8 1
github.com/gophercises/gophercise18/main.go:34.62,44.2 2 1
github.com/gophercises/gophercise18/main.go:45.64,47.16 2 2
github.com/gophercises/gophercise18/main.go:51.2,57.84 5 0
github.com/gophercises/gophercise18/main.go:47.16,50.3 2 2
github.com/gophercises/gophercise18/main.go:59.64,61.16 2 3
github.com/gophercises/gophercise18/main.go:65.2,67.19 3 2
github.com/gophercises/gophercise18/main.go:72.2,73.16 2 1
github.com/gophercises/gophercise18/main.go:76.2,77.18 2 1
github.com/gophercises/gophercise18/main.go:81.2,84.82 3 0
github.com/gophercises/gophercise18/main.go:61.16,64.3 2 1
github.com/gophercises/gophercise18/main.go:67.19,71.3 2 1
github.com/gophercises/gophercise18/main.go:73.16,75.3 1 1
github.com/gophercises/gophercise18/main.go:77.18,80.3 2 1
github.com/gophercises/gophercise18/main.go:94.99,96.29 2 2
github.com/gophercises/gophercise18/main.go:101.2,101.24 1 2
github.com/gophercises/gophercise18/main.go:96.29,100.3 3 8
github.com/gophercises/gophercise18/main.go:104.98,106.16 2 10
github.com/gophercises/gophercise18/main.go:110.2,114.28 3 8
github.com/gophercises/gophercise18/main.go:106.16,108.3 1 2
github.com/gophercises/gophercise18/main.go:117.119,144.37 7 1
github.com/gophercises/gophercise18/main.go:148.2,148.25 1 1
github.com/gophercises/gophercise18/main.go:144.37,146.3 1 4
github.com/gophercises/gophercise18/main.go:151.99,176.37 7 1
github.com/gophercises/gophercise18/main.go:180.2,180.25 1 1
github.com/gophercises/gophercise18/main.go:176.37,178.3 1 4
github.com/gophercises/gophercise18/main.go:185.56,191.2 5 9
