mode: count
github.com/gophercises/gophercise7/activity/cmd/completeTask.go:14.47,18.27 4 1
github.com/gophercises/gophercise7/activity/cmd/completeTask.go:28.3,30.27 2 1
github.com/gophercises/gophercise7/activity/cmd/completeTask.go:52.3,54.18 3 1
github.com/gophercises/gophercise7/activity/cmd/completeTask.go:18.27,21.17 2 8
github.com/gophercises/gophercise7/activity/cmd/completeTask.go:21.17,24.5 1 2
github.com/gophercises/gophercise7/activity/cmd/completeTask.go:24.9,26.5 1 6
github.com/gophercises/gophercise7/activity/cmd/completeTask.go:30.27,32.40 1 6
github.com/gophercises/gophercise7/activity/cmd/completeTask.go:39.4,43.17 3 1
github.com/gophercises/gophercise7/activity/cmd/completeTask.go:32.40,36.13 3 5
github.com/gophercises/gophercise7/activity/cmd/completeTask.go:43.17,50.5 5 1
github.com/gophercises/gophercise7/activity/cmd/completeTask.go:59.13,62.2 1 1
github.com/gophercises/gophercise7/activity/cmd/listTask.go:15.47,18.26 2 1
github.com/gophercises/gophercise7/activity/cmd/listTask.go:21.3,21.37 1 1
github.com/gophercises/gophercise7/activity/cmd/listTask.go:18.26,20.4 1 1
github.com/gophercises/gophercise7/activity/cmd/listTask.go:21.37,23.4 1 0
github.com/gophercises/gophercise7/activity/cmd/listTask.go:26.13,28.2 1 1
github.com/gophercises/gophercise7/activity/cmd/addTask.go:14.47,20.16 3 1
github.com/gophercises/gophercise7/activity/cmd/addTask.go:23.3,26.28 4 1
github.com/gophercises/gophercise7/activity/cmd/addTask.go:29.4,32.23 4 1
github.com/gophercises/gophercise7/activity/cmd/addTask.go:20.16,22.4 1 0
github.com/gophercises/gophercise7/activity/cmd/addTask.go:26.28,28.5 1 1
github.com/gophercises/gophercise7/activity/cmd/addTask.go:37.12,40.2 1 1
